\BOOKMARK [0][-]{chapter.1}{\376\377\000O\000v\000e\000r\000v\000i\000e\000w}{}% 1
\BOOKMARK [0][-]{chapter.2}{\376\377\000I\000m\000p\000o\000r\000t\000a\000n\000t\000\040\000L\000i\000n\000k\000s}{}% 2
\BOOKMARK [0][-]{chapter.3}{\376\377\000I\000n\000s\000t\000a\000l\000l\000a\000t\000i\000o\000n}{}% 3
\BOOKMARK [1][-]{section.3.1}{\376\377\000R\000e\000q\000u\000i\000r\000e\000m\000e\000n\000t\000s}{chapter.3}% 4
\BOOKMARK [1][-]{section.3.2}{\376\377\000G\000e\000t\000t\000i\000n\000g\000\040\000t\000h\000e\000\040\000c\000o\000d\000e}{chapter.3}% 5
\BOOKMARK [2][-]{subsection.3.2.1}{\376\377\000A\000n\000a\000c\000o\000n\000d\000a\000\040\000P\000a\000c\000k\000a\000g\000e\000s}{section.3.2}% 6
\BOOKMARK [1][-]{section.3.3}{\376\377\000I\000n\000s\000t\000a\000l\000l\000i\000n\000g\000\040\000E\000S\000M\000P\000y\000\040\000f\000r\000o\000m\000\040\000S\000o\000u\000r\000c\000e}{chapter.3}% 7
\BOOKMARK [1][-]{section.3.4}{\376\377\000I\000m\000p\000o\000r\000t\000i\000n\000g\000\040\000E\000S\000M\000P\000y}{chapter.3}% 8
\BOOKMARK [1][-]{section.3.5}{\376\377\000V\000a\000l\000i\000d\000a\000t\000i\000o\000n}{chapter.3}% 9
\BOOKMARK [1][-]{section.3.6}{\376\377\000L\000i\000m\000i\000t\000a\000t\000i\000o\000n\000s}{chapter.3}% 10
\BOOKMARK [0][-]{chapter.4}{\376\377\000T\000u\000t\000o\000r\000i\000a\000l\000s}{}% 11
\BOOKMARK [1][-]{section.4.1}{\376\377\000H\000e\000l\000l\000o\000\040\000W\000o\000r\000l\000d}{chapter.4}% 12
\BOOKMARK [1][-]{section.4.2}{\376\377\000R\000e\000g\000r\000i\000d\000d\000i\000n\000g\000\040\000H\000e\000l\000p\000e\000r\000\040\000F\000u\000n\000c\000t\000i\000o\000n\000s}{chapter.4}% 13
\BOOKMARK [2][-]{subsection.4.2.1}{\376\377\000L\000o\000c\000S\000t\000r\000e\000a\000m\000\040\000C\000r\000e\000a\000t\000e}{section.4.2}% 14
\BOOKMARK [2][-]{subsection.4.2.2}{\376\377\000L\000o\000c\000S\000t\000r\000e\000a\000m\000\040\000C\000r\000e\000a\000t\000e\000\040\000P\000a\000r\000a\000l\000l\000e\000l}{section.4.2}% 15
\BOOKMARK [2][-]{subsection.4.2.3}{\376\377\000C\000r\000e\000a\000t\000e\000\040\000a\000\040\0002\000D\000\040\000G\000r\000i\000d}{section.4.2}% 16
\BOOKMARK [2][-]{subsection.4.2.4}{\376\377\000C\000r\000e\000a\000t\000e\000\040\000a\000\040\0003\000D\000\040\000G\000r\000i\000d}{section.4.2}% 17
\BOOKMARK [2][-]{subsection.4.2.5}{\376\377\000C\000r\000e\000a\000t\000e\000\040\000a\000\040\000P\000e\000r\000i\000o\000d\000i\000c\000\040\000G\000r\000i\000d}{section.4.2}% 18
\BOOKMARK [2][-]{subsection.4.2.6}{\376\377\000C\000r\000e\000a\000t\000e\000\040\000a\000\040\0005\000\040\000E\000l\000e\000m\000e\000n\000t\000\040\000M\000e\000s\000h}{section.4.2}% 19
\BOOKMARK [2][-]{subsection.4.2.7}{\376\377\000C\000r\000e\000a\000t\000e\000\040\000a\000\040\000F\000i\000e\000l\000d}{section.4.2}% 20
\BOOKMARK [2][-]{subsection.4.2.8}{\376\377\000I\000n\000i\000t\000i\000a\000l\000i\000z\000e\000\040\000a\000n\000\040\000A\000n\000a\000l\000y\000t\000i\000c\000\040\000F\000i\000e\000l\000d}{section.4.2}% 21
\BOOKMARK [2][-]{subsection.4.2.9}{\376\377\000R\000u\000n\000\040\000E\000S\000M\000P\000y\000\040\000R\000e\000g\000r\000i\000d\000d\000i\000n\000g}{section.4.2}% 22
\BOOKMARK [2][-]{subsection.4.2.10}{\376\377\000C\000o\000m\000p\000u\000t\000e\000\040\000F\000i\000e\000l\000d\000\040\000M\000a\000s\000s}{section.4.2}% 23
\BOOKMARK [1][-]{section.4.3}{\376\377\000R\000e\000g\000r\000i\000d\000d\000i\000n\000g}{chapter.4}% 24
\BOOKMARK [2][-]{subsection.4.3.1}{\376\377\000G\000r\000i\000d\000,\000\040\000M\000e\000s\000h\000\040\000a\000n\000d\000\040\000F\000i\000e\000l\000d\000\040\000C\000r\000e\000a\000t\000e\000d\000\040\000f\000r\000o\000m\000\040\000F\000i\000l\000e}{section.4.3}% 25
\BOOKMARK [2][-]{subsection.4.3.2}{\376\377\000R\000e\000a\000d\000\040\000a\000n\000d\000\040\000W\000r\000i\000t\000e\000\040\000a\000\040\000W\000e\000i\000g\000h\000t\000\040\000F\000i\000l\000e}{section.4.3}% 26
\BOOKMARK [2][-]{subsection.4.3.3}{\376\377\000G\000r\000i\000d\000\040\000t\000o\000\040\000L\000o\000c\000S\000t\000r\000e\000a\000m}{section.4.3}% 27
\BOOKMARK [2][-]{subsection.4.3.4}{\376\377\000M\000e\000s\000h\000\040\000t\000o\000\040\000L\000o\000c\000S\000t\000r\000e\000a\000m}{section.4.3}% 28
\BOOKMARK [2][-]{subsection.4.3.5}{\376\377\000L\000o\000c\000S\000t\000r\000e\000a\000m\000\040\000t\000o\000\040\000G\000r\000i\000d}{section.4.3}% 29
\BOOKMARK [2][-]{subsection.4.3.6}{\376\377\000U\000s\000i\000n\000g\000\040\000M\000P\000I\000.\000S\000p\000a\000w\000n\000\050\000\051\000\040\000f\000r\000o\000m\000\040\000a\000\040\000S\000e\000r\000i\000a\000l\000\040\000P\000y\000t\000h\000o\000n\000\040\000D\000r\000i\000v\000e\000r}{section.4.3}% 30
\BOOKMARK [0][-]{chapter.5}{\376\377\000A\000P\000I}{}% 31
\BOOKMARK [1][-]{section.5.1}{\376\377\000C\000l\000a\000s\000s\000e\000s}{chapter.5}% 32
\BOOKMARK [1][-]{section.5.2}{\376\377\000N\000a\000m\000e\000d\000\040\000C\000o\000n\000s\000t\000a\000n\000t\000s}{chapter.5}% 33
\BOOKMARK [1][-]{section.5.3}{\376\377\000M\000a\000n\000a\000g\000e\000r}{chapter.5}% 34
\BOOKMARK [2][-]{subsection.5.3.1}{\376\377\000R\000e\000s\000o\000u\000r\000c\000e\000\040\000A\000l\000l\000o\000c\000a\000t\000i\000o\000n}{section.5.3}% 35
\BOOKMARK [2][-]{subsection.5.3.2}{\376\377\000L\000o\000g\000g\000i\000n\000g}{section.5.3}% 36
\BOOKMARK [2][-]{subsection.5.3.3}{\376\377\000G\000a\000r\000b\000a\000g\000e\000\040\000C\000o\000l\000l\000e\000c\000t\000i\000o\000n}{section.5.3}% 37
\BOOKMARK [1][-]{section.5.4}{\376\377\000S\000p\000a\000t\000i\000a\000l\000\040\000D\000i\000s\000c\000r\000e\000t\000i\000z\000a\000t\000i\000o\000n\000\040\000O\000b\000j\000e\000c\000t\000s}{chapter.5}% 38
\BOOKMARK [2][-]{subsection.5.4.1}{\376\377\000G\000r\000i\000d}{section.5.4}% 39
\BOOKMARK [2][-]{subsection.5.4.2}{\376\377\000M\000e\000s\000h}{section.5.4}% 40
\BOOKMARK [2][-]{subsection.5.4.3}{\376\377\000L\000o\000c\000S\000t\000r\000e\000a\000m}{section.5.4}% 41
\BOOKMARK [1][-]{section.5.5}{\376\377\000C\000r\000e\000a\000t\000e\000\040\000a\000\040\000G\000r\000i\000d\000\040\000o\000r\000\040\000M\000e\000s\000h\000\040\000f\000r\000o\000m\000\040\000F\000i\000l\000e}{chapter.5}% 42
\BOOKMARK [2][-]{subsection.5.5.1}{\376\377\000F\000i\000l\000e\000\040\000F\000o\000r\000m\000a\000t\000s}{section.5.5}% 43
\BOOKMARK [2][-]{subsection.5.5.2}{\376\377\000M\000e\000s\000h\000e\000s\000\040\000f\000r\000o\000m\000\040\000F\000i\000l\000e}{section.5.5}% 44
\BOOKMARK [2][-]{subsection.5.5.3}{\376\377\000G\000r\000i\000d\000s\000\040\000f\000r\000o\000m\000\040\000F\000i\000l\000e}{section.5.5}% 45
\BOOKMARK [1][-]{section.5.6}{\376\377\000R\000e\000g\000r\000i\000d\000d\000i\000n\000g}{chapter.5}% 46
\BOOKMARK [2][-]{subsection.5.6.1}{\376\377\000G\000r\000e\000a\000t\000\040\000C\000i\000r\000c\000l\000e\000\040\000C\000e\000l\000l\000s}{section.5.6}% 47
\BOOKMARK [1][-]{section.5.7}{\376\377\000M\000a\000s\000k\000i\000n\000g}{chapter.5}% 48
\BOOKMARK [1][-]{section.5.8}{\376\377\000N\000u\000m\000p\000y\000\040\000S\000l\000i\000c\000i\000n\000g\000\040\000a\000n\000d\000\040\000I\000n\000d\000e\000x\000i\000n\000g}{chapter.5}% 49
\BOOKMARK [2][-]{subsection.5.8.1}{\376\377\000D\000i\000m\000e\000n\000s\000i\000o\000n\000\040\000O\000r\000d\000e\000r\000i\000n\000g}{section.5.8}% 50
\BOOKMARK [1][-]{section.5.9}{\376\377\000P\000a\000r\000a\000l\000l\000e\000l\000\040\000E\000x\000e\000c\000u\000t\000i\000o\000n}{chapter.5}% 51
\BOOKMARK [2][-]{subsection.5.9.1}{\376\377\000m\000p\000i\000r\000u\000n\000\040\000v\000s\000.\000\040\000M\000P\000I\000.\000S\000p\000a\000w\000n}{section.5.9}% 52
\BOOKMARK [0][-]{chapter.6}{\376\377\000A\000p\000p\000e\000n\000d\000i\000c\000e\000s}{}% 53
\BOOKMARK [1][-]{section.6.1}{\376\377\000C\000l\000a\000s\000s\000\040\000A\000P\000I\000s}{chapter.6}% 54
\BOOKMARK [2][-]{subsection.6.1.1}{\376\377\000M\000a\000n\000a\000g\000e\000r}{section.6.1}% 55
\BOOKMARK [2][-]{subsection.6.1.2}{\376\377\000F\000i\000e\000l\000d}{section.6.1}% 56
\BOOKMARK [2][-]{subsection.6.1.3}{\376\377\000G\000r\000i\000d}{section.6.1}% 57
\BOOKMARK [2][-]{subsection.6.1.4}{\376\377\000M\000e\000s\000h}{section.6.1}% 58
\BOOKMARK [2][-]{subsection.6.1.5}{\376\377\000L\000o\000c\000S\000t\000r\000e\000a\000m}{section.6.1}% 59
\BOOKMARK [2][-]{subsection.6.1.6}{\376\377\000R\000e\000g\000r\000i\000d}{section.6.1}% 60
\BOOKMARK [2][-]{subsection.6.1.7}{\376\377\000R\000e\000g\000r\000i\000d\000F\000r\000o\000m\000F\000i\000l\000e}{section.6.1}% 61
\BOOKMARK [1][-]{section.6.2}{\376\377\000N\000a\000m\000e\000d\000\040\000C\000o\000n\000s\000t\000a\000n\000t\000s}{chapter.6}% 62
\BOOKMARK [2][-]{subsection.6.2.1}{\376\377\000C\000o\000o\000r\000d\000S\000y\000s}{section.6.2}% 63
\BOOKMARK [2][-]{subsection.6.2.2}{\376\377\000E\000x\000t\000r\000a\000p\000M\000e\000t\000h\000o\000d}{section.6.2}% 64
\BOOKMARK [2][-]{subsection.6.2.3}{\376\377\000F\000i\000l\000e\000F\000o\000r\000m\000a\000t}{section.6.2}% 65
\BOOKMARK [2][-]{subsection.6.2.4}{\376\377\000F\000i\000l\000e\000M\000o\000d\000e}{section.6.2}% 66
\BOOKMARK [2][-]{subsection.6.2.5}{\376\377\000G\000r\000i\000d\000I\000t\000e\000m}{section.6.2}% 67
\BOOKMARK [2][-]{subsection.6.2.6}{\376\377\000L\000i\000n\000e\000T\000y\000p\000e}{section.6.2}% 68
\BOOKMARK [2][-]{subsection.6.2.7}{\376\377\000L\000o\000g\000K\000i\000n\000d}{section.6.2}% 69
\BOOKMARK [2][-]{subsection.6.2.8}{\376\377\000M\000e\000s\000h\000E\000l\000e\000m\000T\000y\000p\000e}{section.6.2}% 70
\BOOKMARK [2][-]{subsection.6.2.9}{\376\377\000M\000e\000s\000h\000L\000o\000c}{section.6.2}% 71
\BOOKMARK [2][-]{subsection.6.2.10}{\376\377\000N\000o\000r\000m\000T\000y\000p\000e}{section.6.2}% 72
\BOOKMARK [2][-]{subsection.6.2.11}{\376\377\000P\000o\000l\000e\000K\000i\000n\000d}{section.6.2}% 73
\BOOKMARK [2][-]{subsection.6.2.12}{\376\377\000P\000o\000l\000e\000M\000e\000t\000h\000o\000d}{section.6.2}% 74
\BOOKMARK [2][-]{subsection.6.2.13}{\376\377\000R\000e\000g\000i\000o\000n}{section.6.2}% 75
\BOOKMARK [2][-]{subsection.6.2.14}{\376\377\000R\000e\000g\000r\000i\000d\000M\000e\000t\000h\000o\000d}{section.6.2}% 76
\BOOKMARK [2][-]{subsection.6.2.15}{\376\377\000S\000t\000a\000g\000g\000e\000r\000L\000o\000c}{section.6.2}% 77
\BOOKMARK [2][-]{subsection.6.2.16}{\376\377\000T\000y\000p\000e\000K\000i\000n\000d}{section.6.2}% 78
\BOOKMARK [2][-]{subsection.6.2.17}{\376\377\000U\000n\000m\000a\000p\000p\000e\000d\000A\000c\000t\000i\000o\000n}{section.6.2}% 79
\BOOKMARK [1][-]{section.6.3}{\376\377\000R\000e\000f\000e\000r\000e\000n\000c\000e\000s}{chapter.6}% 80
\BOOKMARK [0][-]{chapter*.174}{\376\377\000B\000i\000b\000l\000i\000o\000g\000r\000a\000p\000h\000y}{}% 81
\BOOKMARK [0][-]{section*.175}{\376\377\000P\000y\000t\000h\000o\000n\000\040\000M\000o\000d\000u\000l\000e\000\040\000I\000n\000d\000e\000x}{}% 82
\BOOKMARK [0][-]{section*.176}{\376\377\000I\000n\000d\000e\000x}{}% 83
